<?xml version="1.0" encoding="UTF-8"?>
<!-- Generated by org.testng.reporters.JUnitReportReporter -->
<testsuite hostname="nb-sfa" failures="0" tests="3" name="com.herokuapp.theinternet.LoginTests" time="114.639" errors="0" timestamp="2021-04-07T13:58:48 PKT" skipped="0">
  <testcase classname="com.herokuapp.theinternet.LoginTests" name="loginTest" time="26.995"/>
  <system-out/>
  <testcase classname="com.herokuapp.theinternet.LoginTests" name="negativeLoginTest" time="47.597"/>
  <system-out/>
  <testcase classname="com.herokuapp.theinternet.LoginTests" name="negativeLoginTest" time="40.047"/>
  <system-out/>
</testsuite> <!-- com.herokuapp.theinternet.LoginTests -->
