<?xml version="1.0" encoding="UTF-8"?>
<!-- Generated by org.testng.reporters.JUnitReportReporter -->
<testsuite hostname="nb-sfa" failures="0" tests="3" name="com.herokuapp.theinternet.LoginTests" time="181.542" errors="0" timestamp="2021-04-09T15:59:53 PKT" skipped="0">
  <testcase classname="com.herokuapp.theinternet.LoginTests" name="loginTest" time="53.476"/>
  <system-out/>
  <testcase classname="com.herokuapp.theinternet.LoginTests" name="negativeLoginTest" time="48.276"/>
  <system-out/>
  <testcase classname="com.herokuapp.theinternet.LoginTests" name="negativeLoginTest" time="79.790"/>
  <system-out/>
</testsuite> <!-- com.herokuapp.theinternet.LoginTests -->
